#
# A fatal error has been detected by the Java Runtime Environment:
#
#  EXCEPTION_ACCESS_VIOLATION (0xc0000005) at pc=0x4fcfc7b2, pid=5284, tid=776
#
# JRE version: 6.0_24-b07
# Java VM: Java HotSpot(TM) Client VM (19.1-b02 mixed mode, sharing windows-x86 )
# Problematic frame:
# C  0x4fcfc7b2
#
# If you would like to submit a bug report, please visit:
#   http://java.sun.com/webapps/bugreport/crash.jsp
# The crash happened outside the Java Virtual Machine in native code.
# See problematic frame for where to report the bug.
#

---------------  T H R E A D  ---------------

Current thread (0x0303ec00):  JavaThread "Thread-5" [_thread_in_native, id=776, stack(0x03400000,0x03450000)]

siginfo: ExceptionCode=0xc0000005, reading address 0x4fcfc7b2

Registers:
EAX=0x00000000, EBX=0x00000001, ECX=0x0344f798, EDX=0x7c90e4f4
ESP=0x0344f7b0, EBP=0x0344f7b8, ESI=0x000be644, EDI=0x000be640
EIP=0x4fcfc7b2, EFLAGS=0x00010206

Register to memory mapping:

EAX=0x00000000
0x00000000 is pointing to unknown location

EBX=0x00000001
0x00000001 is pointing to unknown location

ECX=0x0344f798
0x0344f798 is pointing into the stack for thread: 0x0303ec00
"Thread-5" prio=6 tid=0x0303ec00 nid=0x308 runnable [0x0344f000]
   java.lang.Thread.State: RUNNABLE

EDX=0x7c90e4f4
0x7c90e4f4 is pointing to unknown location

ESP=0x0344f7b0
0x0344f7b0 is pointing into the stack for thread: 0x0303ec00
"Thread-5" prio=6 tid=0x0303ec00 nid=0x308 runnable [0x0344f000]
   java.lang.Thread.State: RUNNABLE

EBP=0x0344f7b8
0x0344f7b8 is pointing into the stack for thread: 0x0303ec00
"Thread-5" prio=6 tid=0x0303ec00 nid=0x308 runnable [0x0344f000]
   java.lang.Thread.State: RUNNABLE

ESI=0x000be644
0x000be644 is pointing to unknown location

EDI=0x000be640
0x000be640 is pointing to unknown location


Top of Stack: (sp=0x0344f7b0)
0x0344f7b0:   000be680 00010001 0344f7cc 4fcf88a1
0x0344f7c0:   000be680 03030090 00000000 00010001
0x0344f7d0:   6d0b0d9b 000be640 00000000 03030090
0x0344f7e0:   0303ed18 00000000 0344f850 6d0b1390
0x0344f7f0:   00010001 030498b8 6d0b5155 00000000
0x0344f800:   0303ec00 36ace138 37586a60 00919fc7
0x0344f810:   0303ed18 0344f86c 00000000 00000408
0x0344f820:   0000031b 0344f844 0344f85c 00912e21 

Instructions: (pc=0x4fcfc7b2)
0x4fcfc7a2:   
[error occurred during error reporting (printing registers, top of stack, instructions near pc), id 0xc0000005]

Stack: [0x03400000,0x03450000],  sp=0x0344f7b0,  free space=317k
Native frames: (J=compiled Java code, j=interpreted, Vv=VM code, C=native code)
C  0x4fcfc7b2
C  0x4fcf88a1

Java frames: (J=compiled Java code, j=interpreted, Vv=VM code)
j  sun.java2d.d3d.D3DSurfaceData.initOps(III)V+0
j  sun.java2d.d3d.D3DSurfaceData.<init>(Lsun/awt/windows/WComponentPeer;Lsun/java2d/d3d/D3DGraphicsConfig;IILjava/awt/Image;Ljava/awt/image/ColorModel;IILsun/java2d/pipe/hw/ExtendedBufferCapabilities$VSyncType;I)V+76
j  sun.java2d.d3d.D3DSurfaceData.createData(Lsun/awt/windows/WComponentPeer;Ljava/awt/Image;)Lsun/java2d/d3d/D3DSurfaceData;+117
j  sun.java2d.d3d.D3DVolatileSurfaceManager.initAcceleratedSurface()Lsun/java2d/SurfaceData;+59
j  sun.java2d.d3d.D3DVolatileSurfaceManager.restoreAcceleratedSurface()V+62
j  sun.awt.image.VolatileSurfaceManager.validate(Ljava/awt/GraphicsConfiguration;)I+94
j  sun.awt.image.SunVolatileImage.validate(Ljava/awt/GraphicsConfiguration;)I+5
j  java.awt.Component$FlipBufferStrategy.revalidate(Z)V+82
j  java.awt.Component$FlipBufferStrategy.revalidate()V+2
j  java.awt.Component$FlipBufferStrategy.getDrawGraphics()Ljava/awt/Graphics;+1
j  javax.swing.BufferStrategyPaintManager.prepare(Ljavax/swing/JComponent;ZIIII)Z+153
j  javax.swing.BufferStrategyPaintManager.paint(Ljavax/swing/JComponent;Ljavax/swing/JComponent;Ljava/awt/Graphics;IIII)Z+11
j  javax.swing.RepaintManager.paint(Ljavax/swing/JComponent;Ljavax/swing/JComponent;Ljava/awt/Graphics;IIII)V+52
J  javax.swing.JComponent._paintImmediately(IIII)V
j  javax.swing.JComponent.paintImmediately(IIII)V+83
j  GamePanel.run()V+35
j  java.lang.Thread.run()V+11
v  ~StubRoutines::call_stub

---------------  P R O C E S S  ---------------

Java Threads: ( => current thread )
  0x030edc00 JavaThread "Thread-1" daemon [_thread_in_native, id=1536, stack(0x04f30000,0x04f80000)]
  0x02b66400 JavaThread "Thread-18" [_thread_blocked, id=3640, stack(0x04e40000,0x04e90000)]
  0x02b7f400 JavaThread "Thread-17" [_thread_blocked, id=4024, stack(0x04df0000,0x04e40000)]
  0x02b57000 JavaThread "Thread-16" [_thread_blocked, id=3404, stack(0x04da0000,0x04df0000)]
  0x02bb8400 JavaThread "Thread-15" [_thread_blocked, id=4296, stack(0x05020000,0x05070000)]
  0x02b64400 JavaThread "Java Sound Event Dispatcher" daemon [_thread_blocked, id=736, stack(0x04bb0000,0x04c00000)]
  0x03082400 JavaThread "Audio Player" daemon [_thread_blocked, id=2796, stack(0x03610000,0x03660000)]
  0x003a6800 JavaThread "DestroyJavaVM" [_thread_blocked, id=5104, stack(0x008c0000,0x00910000)]
=>0x0303ec00 JavaThread "Thread-5" [_thread_in_native, id=776, stack(0x03400000,0x03450000)]
  0x0303d800 JavaThread "AWT-EventQueue-0" [_thread_blocked, id=2600, stack(0x033b0000,0x03400000)]
  0x02bc6400 JavaThread "AWT-Shutdown" [_thread_blocked, id=1940, stack(0x02ef0000,0x02f40000)]
  0x02bc5400 JavaThread "Java2D Disposer" daemon [_thread_blocked, id=1364, stack(0x02ea0000,0x02ef0000)]
  0x02b47c00 JavaThread "Low Memory Detector" daemon [_thread_blocked, id=5896, stack(0x02dc0000,0x02e10000)]
  0x02b41800 JavaThread "CompilerThread0" daemon [_thread_blocked, id=2392, stack(0x02d70000,0x02dc0000)]
  0x02b40000 JavaThread "Attach Listener" daemon [_thread_blocked, id=3348, stack(0x02d20000,0x02d70000)]
  0x02b3e800 JavaThread "Signal Dispatcher" daemon [_thread_blocked, id=5836, stack(0x02cd0000,0x02d20000)]
  0x02b37c00 JavaThread "Finalizer" daemon [_thread_blocked, id=1156, stack(0x02c80000,0x02cd0000)]
  0x02b36400 JavaThread "Reference Handler" daemon [_thread_blocked, id=5804, stack(0x02c30000,0x02c80000)]

Other Threads:
  0x02afa400 VMThread [stack: 0x02be0000,0x02c30000] [id=3164]
  0x02b52400 WatcherThread [stack: 0x02e10000,0x02e60000] [id=5240]

VM state:not at safepoint (normal execution)

VM Mutex/Monitor currently owned by a thread: None

Heap
 def new generation   total 10944K, used 8403K [0x22990000, 0x23560000, 0x27ee0000)
  eden space 9792K,  82% used [0x22990000, 0x2317a3d0, 0x23320000)
  from space 1152K,  25% used [0x23320000, 0x2336ab18, 0x23440000)
  to   space 1152K,   0% used [0x23440000, 0x23440000, 0x23560000)
 tenured generation   total 24104K, used 20605K [0x27ee0000, 0x2966a000, 0x32990000)
   the space 24104K,  85% used [0x27ee0000, 0x292ff740, 0x292ff800, 0x2966a000)
 compacting perm gen  total 12288K, used 930K [0x32990000, 0x33590000, 0x36990000)
   the space 12288K,   7% used [0x32990000, 0x32a78a68, 0x32a78c00, 0x33590000)
    ro space 10240K,  51% used [0x36990000, 0x36ebcf58, 0x36ebd000, 0x37390000)
    rw space 12288K,  54% used [0x37390000, 0x37a28f50, 0x37a29000, 0x37f90000)

Dynamic libraries:
0x00400000 - 0x00424000 	E:\Arquivos de programas\Java\jre6\bin\javaw.exe
0x7c900000 - 0x7c9b3000 	E:\WINDOWS\system32\ntdll.dll
0x7c800000 - 0x7c900000 	E:\WINDOWS\system32\kernel32.dll
0x77f50000 - 0x77ffb000 	E:\WINDOWS\system32\ADVAPI32.dll
0x77db0000 - 0x77e42000 	E:\WINDOWS\system32\RPCRT4.dll
0x77f20000 - 0x77f31000 	E:\WINDOWS\system32\Secur32.dll
0x7e360000 - 0x7e3f1000 	E:\WINDOWS\system32\USER32.dll
0x77e50000 - 0x77e99000 	E:\WINDOWS\system32\GDI32.dll
0x76360000 - 0x7637d000 	E:\WINDOWS\system32\IMM32.DLL
0x7c340000 - 0x7c396000 	E:\Arquivos de programas\Java\jre6\bin\msvcr71.dll
0x6d7f0000 - 0x6da96000 	E:\Arquivos de programas\Java\jre6\bin\client\jvm.dll
0x76b20000 - 0x76b4e000 	E:\WINDOWS\system32\WINMM.dll
0x6d7a0000 - 0x6d7ac000 	E:\Arquivos de programas\Java\jre6\bin\verify.dll
0x6d320000 - 0x6d33f000 	E:\Arquivos de programas\Java\jre6\bin\java.dll
0x6d280000 - 0x6d288000 	E:\Arquivos de programas\Java\jre6\bin\hpi.dll
0x76bd0000 - 0x76bdb000 	E:\WINDOWS\system32\PSAPI.DLL
0x6d7e0000 - 0x6d7ef000 	E:\Arquivos de programas\Java\jre6\bin\zip.dll
0x6d000000 - 0x6d14a000 	E:\Arquivos de programas\Java\jre6\bin\awt.dll
0x72fb0000 - 0x72fd6000 	E:\WINDOWS\system32\WINSPOOL.DRV
0x77bf0000 - 0x77c48000 	E:\WINDOWS\system32\msvcrt.dll
0x774c0000 - 0x775fd000 	E:\WINDOWS\system32\ole32.dll
0x773b0000 - 0x774b3000 	E:\WINDOWS\WinSxS\x86_Microsoft.Windows.Common-Controls_6595b64144ccf1df_6.0.2600.5512_x-ww_35d4ce83\COMCTL32.dll
0x77ea0000 - 0x77f16000 	E:\WINDOWS\system32\SHLWAPI.dll
0x746e0000 - 0x7472c000 	E:\WINDOWS\system32\MSCTF.dll
0x75290000 - 0x752be000 	E:\WINDOWS\system32\msctfime.ime
0x7c9c0000 - 0x7d1de000 	E:\WINDOWS\system32\shell32.dll
0x6d230000 - 0x6d27f000 	E:\Arquivos de programas\Java\jre6\bin\fontmanager.dll
0x68000000 - 0x68036000 	E:\WINDOWS\system32\rsaenh.dll
0x769a0000 - 0x76a55000 	E:\WINDOWS\system32\USERENV.dll
0x5bcb0000 - 0x5bd05000 	E:\WINDOWS\system32\netapi32.dll
0x6d600000 - 0x6d613000 	E:\Arquivos de programas\Java\jre6\bin\net.dll
0x71a70000 - 0x71a87000 	E:\WINDOWS\system32\WS2_32.dll
0x71a60000 - 0x71a68000 	E:\WINDOWS\system32\WS2HELP.dll
0x71a10000 - 0x71a50000 	E:\WINDOWS\System32\mswsock.dll
0x76f00000 - 0x76f27000 	E:\WINDOWS\system32\DNSAPI.dll
0x76f90000 - 0x76f98000 	E:\WINDOWS\System32\winrnr.dll
0x76f40000 - 0x76f6d000 	E:\WINDOWS\system32\WLDAP32.dll
0x64000000 - 0x64025000 	E:\Arquivos de programas\Bonjour\mdnsNSP.dll
0x76d40000 - 0x76d59000 	E:\WINDOWS\system32\Iphlpapi.dll
0x76fa0000 - 0x76fa6000 	E:\WINDOWS\system32\rasadhlp.dll
0x77be0000 - 0x77be8000 	E:\WINDOWS\system32\VERSION.dll
0x77100000 - 0x7718b000 	E:\WINDOWS\system32\OLEAUT32.DLL
0x6d620000 - 0x6d629000 	E:\Arquivos de programas\Java\jre6\bin\nio.dll
0x10000000 - 0x1000e000 	E:\Program Files\ASUS\TurboV EVO\HookKey32.dll
0x6d510000 - 0x6d534000 	E:\Arquivos de programas\Java\jre6\bin\jsound.dll
0x6d540000 - 0x6d548000 	E:\Arquivos de programas\Java\jre6\bin\jsoundds.dll
0x73ec0000 - 0x73f1c000 	E:\WINDOWS\system32\DSOUND.dll
0x76c10000 - 0x76c3e000 	E:\WINDOWS\system32\WINTRUST.dll
0x77a60000 - 0x77af6000 	E:\WINDOWS\system32\CRYPT32.dll
0x77b00000 - 0x77b12000 	E:\WINDOWS\system32\MSASN1.dll
0x76c70000 - 0x76c98000 	E:\WINDOWS\system32\IMAGEHLP.dll
0x72cd0000 - 0x72cd9000 	E:\WINDOWS\system32\wdmaud.drv
0x72cc0000 - 0x72cc8000 	E:\WINDOWS\system32\msacm32.drv
0x77bc0000 - 0x77bd5000 	E:\WINDOWS\system32\MSACM32.dll
0x77bb0000 - 0x77bb7000 	E:\WINDOWS\system32\midimap.dll
0x73e90000 - 0x73e94000 	E:\WINDOWS\system32\KsUser.dll

VM Arguments:
jvm_args: -Dfile.encoding=Cp1252 
java_command: GamePanel
Launcher Type: SUN_STANDARD

Environment Variables:
CLASSPATH=.;E:\Arquivos de programas\QuickTime\QTSystem\QTJava.zip
PATH=E:/Arquivos de programas/Java/jre6/bin/client;E:/Arquivos de programas/Java/jre6/bin;E:/Arquivos de programas/Java/jre6/lib/i386;E:\Arquivos de programas\ATI Stream\bin\x86;E:\WINDOWS\system32;E:\WINDOWS;E:\WINDOWS\System32\Wbem;E:\Arquivos de programas\ATI Technologies\ATI.ACE\Core-Static;E:\Arquivos de programas\QuickTime\QTSystem\
USERNAME=tiago
OS=Windows_NT
PROCESSOR_IDENTIFIER=x86 Family 16 Model 10 Stepping 0, AuthenticAMD



---------------  S Y S T E M  ---------------

OS: Windows XP Build 2600 Service Pack 3

CPU:total 6 (6 cores per cpu, 1 threads per core) family 16 model 10 stepping 0, cmov, cx8, fxsr, mmx, sse, sse2, sse3, popcnt, mmxext, 3dnow, 3dnowext, lzcnt, sse4a

Memory: 4k page, physical 3405924k(1395472k free), swap 5334744k(2944344k free)

vm_info: Java HotSpot(TM) Client VM (19.1-b02) for windows-x86 JRE (1.6.0_24-b07), built on Feb  2 2011 17:44:41 by "java_re" with MS VC++ 7.1 (VS2003)

time: Sat Mar 26 06:18:06 2011
elapsed time: 16 seconds

